D:\SPEECH PROCESSING DATA\HMM_MODEL\DEBUG\HMM_MODEL.EXE
D:\SPEECH PROCESSING DATA\HMM_MODEL\DEBUG\HMM_MODEL.ILK
D:\SPEECH PROCESSING DATA\HMM_MODEL\DEBUG\HMM_MODEL.PDB
D:\Speech Processing DATA\HMM_Model\HMM_Model\Debug\cl.command.1.tlog
D:\Speech Processing DATA\HMM_Model\HMM_Model\Debug\CL.read.1.tlog
D:\Speech Processing DATA\HMM_Model\HMM_Model\Debug\CL.write.1.tlog
D:\SPEECH PROCESSING DATA\HMM_MODEL\HMM_MODEL\DEBUG\HMM_MODEL.EXE.EMBED.MANIFEST
D:\SPEECH PROCESSING DATA\HMM_MODEL\HMM_MODEL\DEBUG\HMM_MODEL.EXE.EMBED.MANIFEST.RES
D:\SPEECH PROCESSING DATA\HMM_MODEL\HMM_MODEL\DEBUG\HMM_MODEL.EXE.INTERMEDIATE.MANIFEST
D:\SPEECH PROCESSING DATA\HMM_MODEL\HMM_MODEL\DEBUG\HMM_MODEL.OBJ
D:\SPEECH PROCESSING DATA\HMM_MODEL\HMM_MODEL\DEBUG\HMM_MODEL.PCH
D:\Speech Processing DATA\HMM_Model\HMM_Model\Debug\HMM_Model.write.1.tlog
D:\Speech Processing DATA\HMM_Model\HMM_Model\Debug\HMM_Model_manifest.rc
D:\Speech Processing DATA\HMM_Model\HMM_Model\Debug\link.13568.read.1.tlog
D:\Speech Processing DATA\HMM_Model\HMM_Model\Debug\link.13568.write.1.tlog
D:\Speech Processing DATA\HMM_Model\HMM_Model\Debug\link.13568-cvtres.read.1.tlog
D:\Speech Processing DATA\HMM_Model\HMM_Model\Debug\link.13568-cvtres.write.1.tlog
D:\Speech Processing DATA\HMM_Model\HMM_Model\Debug\link.command.1.tlog
D:\Speech Processing DATA\HMM_Model\HMM_Model\Debug\link.read.1.tlog
D:\Speech Processing DATA\HMM_Model\HMM_Model\Debug\link.write.1.tlog
D:\Speech Processing DATA\HMM_Model\HMM_Model\Debug\link-cvtres.read.1.tlog
D:\Speech Processing DATA\HMM_Model\HMM_Model\Debug\link-cvtres.write.1.tlog
D:\Speech Processing DATA\HMM_Model\HMM_Model\Debug\mt.command.1.tlog
D:\Speech Processing DATA\HMM_Model\HMM_Model\Debug\mt.read.1.tlog
D:\Speech Processing DATA\HMM_Model\HMM_Model\Debug\mt.write.1.tlog
D:\Speech Processing DATA\HMM_Model\HMM_Model\Debug\rc.command.1.tlog
D:\Speech Processing DATA\HMM_Model\HMM_Model\Debug\rc.read.1.tlog
D:\Speech Processing DATA\HMM_Model\HMM_Model\Debug\rc.write.1.tlog
D:\SPEECH PROCESSING DATA\HMM_MODEL\HMM_MODEL\DEBUG\STDAFX.OBJ
D:\Speech Processing DATA\HMM_Model\HMM_Model\Debug\vc100.idb
D:\SPEECH PROCESSING DATA\HMM_MODEL\HMM_MODEL\DEBUG\VC100.PDB
